
> web@0.1.0 build /Users/abdulazizozden/Documents/NLT Invoice MVP/new/apps/web
> next build

   ▲ Next.js 15.3.5

   Creating an optimized production build ...
 ✓ Compiled successfully in 4.0s
   Linting and checking validity of types ...
   Collecting page data ...
   Generating static pages (0/23) ...
   Generating static pages (5/23) 
   Generating static pages (11/23) 
   Generating static pages (17/23) 
 ✓ Generating static pages (23/23)
   Finalizing page optimization ...
   Collecting build traces ...

Route (app)                                 Size  First Load JS
┌ ○ /                                    1.43 kB         120 kB
├ ○ /_not-found                            985 B         102 kB
├ ƒ /api/auth/[...nextauth]                183 B         102 kB
├ ƒ /api/customers                         183 B         102 kB
├ ƒ /api/customers/[id]                    183 B         102 kB
├ ƒ /api/estimates                         183 B         102 kB
├ ƒ /api/estimates/[id]                    183 B         102 kB
├ ƒ /api/estimates/[id]/accept             183 B         102 kB
├ ƒ /api/estimates/[id]/duplicate          183 B         102 kB
├ ƒ /api/estimates/[id]/reject             183 B         102 kB
├ ƒ /api/estimates/[id]/send               183 B         102 kB
├ ƒ /api/invoices                          183 B         102 kB
├ ƒ /api/invoices/[id]                     183 B         102 kB
├ ƒ /api/invoices/[id]/duplicate           183 B         102 kB
├ ƒ /api/invoices/[id]/mark-paid           183 B         102 kB
├ ƒ /api/invoices/[id]/send                183 B         102 kB
├ ƒ /dashboard                           1.44 kB         117 kB
├ ƒ /dashboard/customers                  2.7 kB         130 kB
├ ƒ /dashboard/customers/[id]            1.44 kB         117 kB
├ ƒ /dashboard/customers/new             1.44 kB         117 kB
├ ƒ /dashboard/estimates                 2.71 kB         130 kB
├ ƒ /dashboard/estimates/[id]            1.44 kB         117 kB
├ ƒ /dashboard/estimates/new             1.44 kB         117 kB
├ ƒ /dashboard/invoices                   2.7 kB         130 kB
├ ƒ /dashboard/invoices/[id]             1.44 kB         117 kB
├ ƒ /dashboard/invoices/new              1.44 kB         117 kB
├ ƒ /dashboard/settings                    147 B         168 kB
├ ƒ /dashboard/settings/billing          1.44 kB         117 kB
├ ƒ /e/[publicId]                        2.38 kB         121 kB
├ ○ /features                            1.44 kB         117 kB
├ ƒ /i/[publicId]                        2.38 kB         121 kB
├ ƒ /login                               3.29 kB         170 kB
├ ƒ /onboarding                            147 B         168 kB
├ ○ /pricing                             1.43 kB         120 kB
├ ƒ /register                             3.8 kB         171 kB
└ ○ /support                             1.43 kB         120 kB
+ First Load JS shared by all             101 kB
  ├ chunks/4174-ab293d89dae4a5ae.js      46.3 kB
  ├ chunks/765b04e8-75b53306f0cff40b.js  53.2 kB
  └ other shared chunks (total)          1.92 kB


ƒ Middleware                             54.1 kB

○  (Static)   prerendered as static content
ƒ  (Dynamic)  server-rendered on demand

